  Test.cpp
E:\CS106\assignment\assigenment01\Test.cpp(4,18): error C4430: 缺少类型说明符 - 假定为 int。注意: C++ 不支持默认 int
E:\CS106\assignment\assigenment01\Test.cpp(4,6): error C2065: “TestCaseName”: 未声明的标识符
E:\CS106\assignment\assigenment01\Test.cpp(4,20): error C2065: “TestName”: 未声明的标识符
E:\CS106\assignment\assigenment01\Test.cpp(4,5): error C2440: “初始化”: 无法从“initializer list”转换为“int”
E:\CS106\assignment\assigenment01\Test.cpp(4,5): message : 初始值设定项包含过多元素
E:\CS106\assignment\assigenment01\Test.cpp(4,30): error C2059: 语法错误:“{”
E:\CS106\assignment\assigenment01\Test.cpp(4,30): error C2143: 语法错误: 缺少“;”(在“{”的前面)
E:\CS106\assignment\assigenment01\Test.cpp(4,30): error C2447: “{”: 缺少函数标题(是否是老式的形式表?)
